<?xml version='1.0' encoding='UTF-8'?>
<testsuite hostname="192.168.1.10" name="org.apache.spark.sql.hybrid.RowConverterSpec" tests="1" errors="0" failures="0" skipped="0" time="2.967" timestamp="2024-12-17T19:56:16">
          <properties>
[...]
</properties>
          <testcase classname="org.apache.spark.sql.hybrid.RowConverterSpec" name="Converter should work" time="2.967">
                      
                    </testcase>
          <system-out><![CDATA[]]></system-out>
          <system-err><![CDATA[]]></system-err>
        </testsuite>